<?xml version="1.0" encoding="UTF-8"?>
<!-- Generated by org.testng.reporters.JUnitReportReporter -->
<testsuite hostname="Dell" failures="0" tests="6" name="adminlogin.Organisational_HierarchyTest" time="5.113" errors="0" timestamp="2024-02-20T15:03:23 IST" skipped="0">
  <testcase classname="adminlogin.Organisational_HierarchyTest" name="createLOB" time="0.601"/>
  <testcase classname="adminlogin.Organisational_HierarchyTest" name="createChannelHead" time="0.589"/>
  <testcase classname="adminlogin.Organisational_HierarchyTest" name="createZSM" time="0.620"/>
  <testcase classname="adminlogin.Organisational_HierarchyTest" name="createRSM" time="0.971"/>
  <testcase classname="adminlogin.Organisational_HierarchyTest" name="createASM" time="1.211"/>
  <testcase classname="adminlogin.Organisational_HierarchyTest" name="createCRO" time="1.121"/>
</testsuite> <!-- adminlogin.Organisational_HierarchyTest -->
