<?xml version="1.0" encoding="UTF-8"?>
<!-- Generated by org.testng.reporters.JUnitReportReporter -->
<testsuite hostname="Dell" failures="0" tests="5" name="adminlogin.ReferenceMasterTest" time="7.942" errors="0" timestamp="2024-02-20T15:03:23 IST" skipped="0">
  <testcase classname="adminlogin.ReferenceMasterTest" name="createDistType" time="3.173"/>
  <testcase classname="adminlogin.ReferenceMasterTest" name="createPaymentMode" time="1.053"/>
  <testcase classname="adminlogin.ReferenceMasterTest" name="createPaymentTerm" time="1.105"/>
  <testcase classname="adminlogin.ReferenceMasterTest" name="createState" time="1.480"/>
  <testcase classname="adminlogin.ReferenceMasterTest" name="createCity" time="1.131"/>
</testsuite> <!-- adminlogin.ReferenceMasterTest -->
